00 -    //====================================
00 -    // Hello World
00 -    //====================================
00 2    +
01 2    +
02 2    +
03 2    +
04 2    +
05 2    +
06 2    +
07 2    +
08 6    [
09 0        >
0a 2        +
0b 2        +
0c 2        +
0d 2        +
0e 6        [
0f 0            >
10 2            +
11 2            +
12 0            >
13 2            +
14 2            +
15 2            +
16 0            >
17 2            +
18 2            +
19 2            +
1a 0            >
1b 2            +
1c 1            <
1d 1            <
1e 1            <
1f 1            <
20 3            -
21 7        ]
22 0        >
23 2        +
24 0        >
25 2        +
26 0        >
27 3        -
28 0        >
29 0        >
2a 2        +
2b 6        [
2c 1            <
2d 7        ]
2e 1        <
2f 3        -
30 7    ]
31 0    >
32 0    >
33 4    .
34 0    >
35 3    -
36 3    -
37 3    -
38 4    .
39 2    +
3a 2    +
3b 2    +
3c 2    +
3d 2    +
3e 2    +
3f 2    +
40 4    .
41 4    .
42 2    +
43 2    +
44 2    +
45 4    .
46 0    >
47 0    >
48 4    .
49 1    <
4a 3    -
4b 4    .
4c 1    <
4d 4    .
4e 2    +
4f 2    +
50 2    +
51 4    .
52 3    -
53 3    -
54 3    -
55 3    -
56 3    -
57 3    -
58 4    .
59 3    -
5a 3    -
5b 3    -
5c 3    -
5d 3    -
5e 3    -
5f 3    -
60 3    -
61 4    .
62 0    >
63 0    >
64 2    +
65 4    .
66 0    >
67 2    +
68 2    +
69 4    .
6a 8    reset // to pause simulation
