00 -    //https://esolangs.org/wiki/brainfuck_algorithms#Input_a_decimal_number
00 6    [
01 3        -
02 7    ]
03 0    >
04 6    [
05 3        -
06 7    ]
07 2    +    // Clear sum
08 6    [
09 6        [
0a 3            -
0b 7        ]                // Begin loop on first temp
0c 0        >
0d 6        [
0e 3            -
0f 7        ]
10 5        ,               // Clear the inp buffer to detect leave on eof and input
11 6        [
12 2            +
13 6            [                          // Check for minus one on eof
14 3                -
15 3                -
16 3                -
17 3                -
18 3                -
19 3                -
1a 3                -
1b 3                -
1c 3                -
1d 3                -
1e 3                -
1f 6                [            // Check for newline
20 0                    >
21 6                    [
22 3                        -
23 7                    ]
24 2                    +
25 2                    +
26 2                    +
27 2                    +
28 2                    +
29 2                    +
2a 6                    [
2b 1                        <
2c 3                        -
2d 3                        -
2e 3                        -
2f 3                        -
30 3                        -
31 3                        -
32 0                        >
33 3                        -
34 7                    ]       // Subtract 38 to get the char in zero to nine
35 1                    <
36 3                    -
37 3                    -
38 1                    <
39 1                    <
3a 6                    [
3b 3                        -
3c 0                        >
3d 0                        >
3e 2                        +
3f 2                        +
40 2                        +
41 2                        +
42 2                        +
43 2                        +
44 2                        +
45 2                        +
46 2                        +
47 2                        +
48 1                        <
49 1                        <
4a 7                    ]      // Multiply the existing value by ten
4b 0                    >
4c 0                    >
4d 6                    [
4e 3                        -
4f 1                        <
50 1                        <
51 2                        +
52 0                        >
53 0                        >
54 7                    ]          // and add in the new char
55 1                    <
56 2                    +
57 0                    >
58 7                ]
59 7            ]
5a 7        ]
5b 1        <
5c 7    ]
5d 1    < // Current cell is the number input
5e -    //reset
5e -    // https://stackoverflow.com/questions/12569444/printing-a-number-in-brainfuck
5e -    //>+++++++++++[-<+++++++++++++++>] // initialize 165 at first cell
5e 0    >
5f 0    >
60 2    +
61 2    +
62 2    +
63 2    +
64 2    +
65 2    +
66 2    +
67 2    +
68 2    +
69 2    +
6a 1    <
6b 1    <
6c 6    [
6d 3        -
6e 0        >
6f 2        +
70 0        >
71 3        -
72 6        [
73 0            >
74 2            +
75 0            >
76 0            >
77 7        ]
78 0        >
79 6        [
7a 2            +
7b 6            [
7c 3                -
7d 1                <
7e 2                +
7f 0                >
80 7            ]
81 0            >
82 2            +
83 0            >
84 0            >
85 7        ]
86 1        <
87 1        <
88 1        <
89 1        <
8a 1        <
8b 1        <
8c 7    ]
8d 0    >
8e 0    >
8f 6    [
90 3        -
91 7    ]
92 0    >
93 0    >
94 0    >
95 2    +
96 2    +
97 2    +
98 2    +
99 2    +
9a 2    +
9b 2    +
9c 2    +
9d 2    +
9e 2    +
9f 1    <
a0 6    [
a1 3        -
a2 0        >
a3 3        -
a4 6        [
a5 0            >
a6 2            +
a7 0            >
a8 0            >
a9 7        ]
aa 0        >
ab 6        [
ac 2            +
ad 6            [
ae 3                -
af 1                <
b0 2                +
b1 0                >
b2 7            ]
b3 0            >
b4 2            +
b5 0            >
b6 0            >
b7 7        ]
b8 1        <
b9 1        <
ba 1        <
bb 1        <
bc 1        <
bd 7    ]
be 0    >
bf 6    [
c0 3        -
c1 7    ]
c2 0    >
c3 0    >
c4 6    [
c5 0        >
c6 2        +
c7 2        +
c8 2        +
c9 2        +
ca 2        +
cb 2        +
cc 6        [
cd 3            -
ce 1            <
cf 2            +
d0 2            +
d1 2            +
d2 2            +
d3 2            +
d4 2            +
d5 2            +
d6 2            +
d7 0            >
d8 7        ]
d9 1        <
da 4        .
db 1        <
dc 1        <
dd 2        +
de 0        >
df 2        +
e0 0        >
e1 6        [
e2 3            -
e3 7        ]
e4 7    ]
e5 1    <
e6 6    [
e7 1        <
e8 6        [
e9 3            -
ea 0            >
eb 3            -
ec 1            <
ed 7        ]
ee 2        +
ef 2        +
f0 2        +
f1 2        +
f2 2        +
f3 2        +
f4 6        [
f5 3            -
f6 0            >
f7 2            +
f8 2            +
f9 2            +
fa 2            +
fb 2            +
fc 2            +
fd 2            +
fe 2            +
ff 1            <
100 7        ]
101 0        >
102 4        .
103 6        [
104 3            -
105 7        ]
106 7    ]
107 1    <
108 1    <
109 2    +
10a 2    +
10b 2    +
10c 2    +
10d 2    +
10e 2    +
10f 6    [
110 3        -
111 1        <
112 2        +
113 2        +
114 2        +
115 2        +
116 2        +
117 2        +
118 2        +
119 2        +
11a 0        >
11b 7    ]
11c 1    <
11d 4    .
11e 6    [
11f 3        -
120 7    ]
121 1    <
122 1    <
123 6    [
124 3        -
125 1        <
126 2        +
127 0        >
128 7    ]
129 2    +
12a 2    +
12b 2    +
12c 2    +
12d 2    +
12e 2    +
12f 2    +
130 2    +
131 2    +
132 2    +
133 4    .
134 1    <
135 6    [
136 2        +
137 7    ] // clear zero
138 8    reset
