00 -    //                          Linus Akesson presents:
00 -    //                 The Game Of Life implemented in Brainfuck
00 2    +
01 0    >
02 0    >
03 2    +
04 2    +
05 2    +
06 2    +
07 6    [
08 1        <
09 2        +
0a 2        +
0b 2        +
0c 2        +
0d 0        >
0e 3        -
0f 7    ]
10 1    <
11 6    [
12 1        <
13 2        +
14 2        +
15 2        +
16 2        +
17 2        +
18 2        +
19 0        >
1a 3        -
1b 7    ]
1c 2    +
1d 6    [
1e 1        <
1f 6        [
20 0            >
21 0            >
22 0            >
23 0            >
24 2            +
25 1            <
26 1            <
27 1            <
28 1            <
29 3            -
2a 7        ]
2b 0        >
2c 0        >
2d 0        >
2e 0        >
2f 6        [
30 1            <
31 1            <
32 1            <
33 1            <
34 2            +
35 0            >
36 0            >
37 0            >
38 0            >
39 0            >
3a 0            >
3b 2            +
3c 1            <
3d 1            <
3e 3            -
3f 7        ]
40 1        <
41 2        +
42 2        +
43 2        +
44 2        +
45 6        [
46 0            >
47 2            +
48 2            +
49 2            +
4a 2            +
4b 2            +
4c 2            +
4d 2            +
4e 2            +
4f 1            <
50 3            -
51 7        ]
52 0        >
53 4        .
54 6        [
55 3            -
56 7        ]
57 1        <
58 2        +
59 2        +
5a 2        +
5b 6        [
5c 0            >
5d 2            +
5e 2            +
5f 2            +
60 1            <
61 3            -
62 7        ]
63 0        >
64 2        +
65 6        [
66 0            >
67 0            >
68 4            .
69 2            +
6a 1            <
6b 1            <
6c 3            -
6d 7        ]
6e 0        >
6f 0        >
70 6        [
71 3            -
72 7        ]
73 1        <
74 1        <
75 1        <
76 2        +
77 2        +
78 6        [
79 1            <
7a 2            +
7b 2            +
7c 2            +
7d 2            +
7e 2            +
7f 0            >
80 3            -
81 7        ]
82 1        <
83 4        .
84 1        <
85 1        <
86 6        [
87 0            >
88 0            >
89 0            >
8a 0            >
8b 2            +
8c 1            <
8d 1            <
8e 1            <
8f 1            <
90 3            -
91 7        ]
92 0        >
93 0        >
94 0        >
95 0        >
96 6        [
97 1            <
98 1            <
99 1            <
9a 1            <
9b 2            +
9c 0            >
9d 0            >
9e 0            >
9f 0            >
a0 0            >
a1 0            >
a2 2            +
a3 1            <
a4 1            <
a5 3            -
a6 7        ]
a7 1        <
a8 1        <
a9 6        [
aa 0            >
ab 0            >
ac 0            >
ad 0            >
ae 4            .
af 2            +
b0 1            <
b1 1            <
b2 1            <
b3 2            +
b4 2            +
b5 2            +
b6 2            +
b7 2            +
b8 2            +
b9 2            +
ba 2            +
bb 2            +
bc 2            +
bd 6            [
be 1                <
bf 6                [
c0 0                    >
c1 0                    >
c2 2                    +
c3 1                    <
c4 1                    <
c5 3                    -
c6 7                ]
c7 0                >
c8 0                >
c9 6                [
ca 1                    <
cb 1                    <
cc 2                    +
cd 0                    >
ce 0                    >
cf 0                    >
d0 0                    >
d1 0                    >
d2 2                    +
d3 2                    +
d4 2                    +
d5 2                    +
d6 2                    +
d7 2                    +
d8 2                    +
d9 2                    +
da 2                    +
db 2                    +
dc 2                    +
dd 1                    <
de 1                    <
df 1                    <
e0 3                    -
e1 7                ]
e2 1                <
e3 6                [
e4 0                    >
e5 2                    +
e6 1                    <
e7 3                    -
e8 7                ]
e9 0                >
ea 6                [
eb 1                    <
ec 2                    +
ed 0                    >
ee 0                    >
ef 0                    >
f0 0                    >
f1 2                    +
f2 1                    <
f3 1                    <
f4 1                    <
f5 3                    -
f6 7                ]
f7 0                >
f8 0                >
f9 0                >
fa 6                [
fb 0                    >
fc 0                    >
fd 0                    >
fe 0                    >
ff 0                    >
100 0                    >
101 0                    >
102 0                    >
103 0                    >
104 0                    >
105 0                    >
106 0                    >
107 2                    +
108 0                    >
109 2                    +
10a 1                    <
10b 1                    <
10c 1                    <
10d 1                    <
10e 1                    <
10f 1                    <
110 1                    <
111 1                    <
112 1                    <
113 1                    <
114 1                    <
115 1                    <
116 1                    <
117 3                    -
118 7                ]
119 0                >
11a 0                >
11b 0                >
11c 0                >
11d 0                >
11e 0                >
11f 0                >
120 0                >
121 0                >
122 0                >
123 0                >
124 0                >
125 6                [
126 3                    -
127 6                    [
128 0                        >
129 0                        >
12a 0                        >
12b 0                        >
12c 2                        +
12d 1                        <
12e 1                        <
12f 1                        <
130 1                        <
131 3                        -
132 7                    ]
133 0                    >
134 6                    [
135 0                        >
136 0                        >
137 0                        >
138 0                        >
139 2                        +
13a 1                        <
13b 1                        <
13c 1                        <
13d 1                        <
13e 3                        -
13f 7                    ]
140 0                    >
141 0                    >
142 0                    >
143 7                ]
144 0                >
145 0                >
146 0                >
147 6                [
148 1                    <
149 1                    <
14a 1                    <
14b 2                    +
14c 0                    >
14d 0                    >
14e 0                    >
14f 3                    -
150 7                ]
151 1                <
152 1                <
153 1                <
154 6                [
155 0                    >
156 0                    >
157 2                    +
158 0                    >
159 2                    +
15a 1                    <
15b 1                    <
15c 1                    <
15d 3                    -
15e 7                ]
15f 0                >
160 6                [
161 3                    -
162 0                    >
163 6                    [
164 1                        <
165 1                        <
166 1                        <
167 1                        <
168 2                        +
169 0                        >
16a 0                        >
16b 0                        >
16c 0                        >
16d 3                        -
16e 7                    ]
16f 1                    <
170 6                    [
171 1                        <
172 1                        <
173 1                        <
174 1                        <
175 2                        +
176 0                        >
177 0                        >
178 0                        >
179 0                        >
17a 3                        -
17b 7                    ]
17c 1                    <
17d 1                    <
17e 1                    <
17f 1                    <
180 7                ]
181 1                <
182 2                +
183 2                +
184 2                +
185 2                +
186 2                +
187 2                +
188 2                +
189 2                +
18a 2                +
18b 6                [
18c 0                    >
18d 2                    +
18e 2                    +
18f 2                    +
190 2                    +
191 2                    +
192 1                    <
193 3                    -
194 7                ]
195 0                >
196 0                >
197 6                [
198 1                    <
199 1                    <
19a 2                    +
19b 0                    >
19c 0                    >
19d 3                    -
19e 7                ]
19f 1                <
1a0 1                <
1a1 6                [
1a2 0                    >
1a3 3                    -
1a4 3                    -
1a5 3                    -
1a6 1                    <
1a7 3                    -
1a8 7                ]
1a9 0                >
1aa 4                .
1ab 6                [
1ac 3                    -
1ad 7                ]
1ae 1                <
1af 1                <
1b0 1                <
1b1 1                <
1b2 1                <
1b3 1                <
1b4 1                <
1b5 1                <
1b6 1                <
1b7 1                <
1b8 1                <
1b9 1                <
1ba 1                <
1bb 1                <
1bc 1                <
1bd 1                <
1be 1                <
1bf 3                -
1c0 7            ]
1c1 2            +
1c2 2            +
1c3 2            +
1c4 2            +
1c5 2            +
1c6 2            +
1c7 2            +
1c8 2            +
1c9 2            +
1ca 2            +
1cb 4            .
1cc 6            [
1cd 3                -
1ce 7            ]
1cf 1            <
1d0 3            -
1d1 7        ]
1d2 0        >
1d3 0        >
1d4 0        >
1d5 0        >
1d6 6        [
1d7 3            -
1d8 7        ]
1d9 1        <
1da 6        [
1db 3            -
1dc 7        ]
1dd 2        +
1de 2        +
1df 2        +
1e0 2        +
1e1 2        +
1e2 2        +
1e3 2        +
1e4 2        +
1e5 6        [
1e6 0            >
1e7 2            +
1e8 2            +
1e9 2            +
1ea 2            +
1eb 2            +
1ec 2            +
1ed 2            +
1ee 2            +
1ef 1            <
1f0 3            -
1f1 7        ]
1f2 0        >
1f3 3        -
1f4 3        -
1f5 4        .
1f6 6        [
1f7 3            -
1f8 7        ]
1f9 1        <
1fa 5        ,
1fb 3        -
1fc 3        -
1fd 3        -
1fe 3        -
1ff 3        -
200 3        -
201 3        -
202 3        -
203 3        -
204 3        -
205 6        [
206 1            <
207 2            +
208 0            >
209 3            -
20a 7        ]
20b 0        >
20c 0        >
20d 0        >
20e 0        >
20f 0        >
210 0        >
211 2        +
212 1        <
213 1        <
214 1        <
215 1        <
216 1        <
217 1        <
218 1        <
219 6        [
21a 0            >
21b 2            +
21c 0            >
21d 0            >
21e 0            >
21f 0            >
220 0            >
221 2            +
222 0            >
223 6            [
224 3                -
225 7            ]
226 1            <
227 1            <
228 1            <
229 1            <
22a 1            <
22b 1            <
22c 1            <
22d 3            -
22e 7        ]
22f 0        >
230 2        +
231 2        +
232 2        +
233 2        +
234 2        +
235 2        +
236 2        +
237 2        +
238 2        +
239 2        +
23a 0        >
23b 0        >
23c 0        >
23d 0        >
23e 0        >
23f 6        [
240 6            [
241 3                -
242 7            ]
243 1            <
244 1            <
245 5            ,
246 1            <
247 1            <
248 1            <
249 1            <
24a 1            <
24b 1            <
24c 1            <
24d 3            -
24e 0            >
24f 0            >
250 0            >
251 0            >
252 0            >
253 0            >
254 0            >
255 6            [
256 1                <
257 1                <
258 1                <
259 1                <
25a 2                +
25b 0                >
25c 0                >
25d 0                >
25e 0                >
25f 3                -
260 7            ]
261 1            <
262 1            <
263 1            <
264 1            <
265 6            [
266 0                >
267 0                >
268 0                >
269 0                >
26a 2                +
26b 0                >
26c 2                +
26d 1                <
26e 1                <
26f 1                <
270 1                <
271 1                <
272 3                -
273 7            ]
274 0            >
275 0            >
276 0            >
277 0            >
278 0            >
279 3            -
27a 3            -
27b 3            -
27c 3            -
27d 3            -
27e 3            -
27f 3            -
280 3            -
281 3            -
282 3            -
283 6            [
284 1                <
285 1                <
286 1                <
287 1                <
288 1                <
289 1                <
28a 1                <
28b 1                <
28c 2                +
28d 1                <
28e 6                [
28f 0                    >
290 0                    >
291 0                    >
292 0                    >
293 2                    +
294 1                    <
295 1                    <
296 1                    <
297 1                    <
298 3                    -
299 7                ]
29a 0                >
29b 0                >
29c 0                >
29d 0                >
29e 6                [
29f 1                    <
2a0 1                    <
2a1 1                    <
2a2 1                    <
2a3 2                    +
2a4 0                    >
2a5 0                    >
2a6 0                    >
2a7 0                    >
2a8 0                    >
2a9 0                    >
2aa 2                    +
2ab 1                    <
2ac 1                    <
2ad 3                    -
2ae 7                ]
2af 0                >
2b0 6                [
2b1 0                    >
2b2 3                    -
2b3 1                    <
2b4 3                    -
2b5 7                ]
2b6 0                >
2b7 2                +
2b8 2                +
2b9 2                +
2ba 2                +
2bb 2                +
2bc 2                +
2bd 2                +
2be 2                +
2bf 2                +
2c0 2                +
2c1 6                [
2c2 0                    >
2c3 2                    +
2c4 2                    +
2c5 2                    +
2c6 2                    +
2c7 2                    +
2c8 2                    +
2c9 2                    +
2ca 2                    +
2cb 2                    +
2cc 2                    +
2cd 2                    +
2ce 1                    <
2cf 3                    -
2d0 7                ]
2d1 1                <
2d2 1                <
2d3 1                <
2d4 1                <
2d5 1                <
2d6 1                <
2d7 6                [
2d8 0                    >
2d9 0                    >
2da 0                    >
2db 0                    >
2dc 2                    +
2dd 1                    <
2de 1                    <
2df 1                    <
2e0 1                    <
2e1 3                    -
2e2 7                ]
2e3 0                >
2e4 0                >
2e5 0                >
2e6 0                >
2e7 6                [
2e8 1                    <
2e9 1                    <
2ea 1                    <
2eb 1                    <
2ec 2                    +
2ed 0                    >
2ee 0                    >
2ef 0                    >
2f0 0                    >
2f1 0                    >
2f2 0                    >
2f3 2                    +
2f4 1                    <
2f5 1                    <
2f6 3                    -
2f7 7                ]
2f8 0                >
2f9 0                >
2fa 0                >
2fb 0                >
2fc 6                [
2fd 1                    <
2fe 1                    <
2ff 3                    -
300 0                    >
301 0                    >
302 3                    -
303 7                ]
304 1                <
305 1                <
306 2                +
307 2                +
308 2                +
309 2                +
30a 2                +
30b 2                +
30c 2                +
30d 2                +
30e 2                +
30f 2                +
310 6                [
311 0                    >
312 2                    +
313 1                    <
314 3                    -
315 7                ]
316 0                >
317 6                [
318 0                    >
319 0                    >
31a 0                    >
31b 0                    >
31c 0                    >
31d 0                    >
31e 0                    >
31f 0                    >
320 0                    >
321 0                    >
322 0                    >
323 0                    >
324 2                    +
325 0                    >
326 2                    +
327 1                    <
328 1                    <
329 1                    <
32a 1                    <
32b 1                    <
32c 1                    <
32d 1                    <
32e 1                    <
32f 1                    <
330 1                    <
331 1                    <
332 1                    <
333 1                    <
334 3                    -
335 7                ]
336 0                >
337 0                >
338 0                >
339 0                >
33a 0                >
33b 0                >
33c 0                >
33d 0                >
33e 0                >
33f 0                >
340 0                >
341 0                >
342 6                [
343 3                    -
344 6                    [
345 0                        >
346 0                        >
347 0                        >
348 0                        >
349 2                        +
34a 1                        <
34b 1                        <
34c 1                        <
34d 1                        <
34e 3                        -
34f 7                    ]
350 0                    >
351 6                    [
352 0                        >
353 0                        >
354 0                        >
355 0                        >
356 2                        +
357 1                        <
358 1                        <
359 1                        <
35a 1                        <
35b 3                        -
35c 7                    ]
35d 0                    >
35e 0                    >
35f 0                    >
360 7                ]
361 0                >
362 0                >
363 0                >
364 6                [
365 1                    <
366 1                    <
367 1                    <
368 2                    +
369 0                    >
36a 0                    >
36b 0                    >
36c 3                    -
36d 7                ]
36e 2                +
36f 1                <
370 1                <
371 1                <
372 6                [
373 0                    >
374 0                    >
375 0                    >
376 3                    -
377 1                    <
378 1                    <
379 1                    <
37a 3                    -
37b 7                ]
37c 0                >
37d 6                [
37e 3                    -
37f 0                    >
380 6                    [
381 1                        <
382 1                        <
383 1                        <
384 1                        <
385 2                        +
386 0                        >
387 0                        >
388 0                        >
389 0                        >
38a 3                        -
38b 7                    ]
38c 1                    <
38d 6                    [
38e 1                        <
38f 1                        <
390 1                        <
391 1                        <
392 2                        +
393 0                        >
394 0                        >
395 0                        >
396 0                        >
397 3                        -
398 7                    ]
399 1                    <
39a 1                    <
39b 1                    <
39c 1                    <
39d 7                ]
39e 1                <
39f 1                <
3a0 1                <
3a1 1                <
3a2 1                <
3a3 1                <
3a4 1                <
3a5 1                <
3a6 1                <
3a7 1                <
3a8 1                <
3a9 5                ,
3aa 6                [
3ab 3                    -
3ac 7                ]
3ad 7            ]
3ae 0            >
3af 7        ]
3b0 0        >
3b1 6        [
3b2 3            -
3b3 2            +
3b4 2            +
3b5 2            +
3b6 2            +
3b7 2            +
3b8 2            +
3b9 2            +
3ba 2            +
3bb 2            +
3bc 2            +
3bd 2            +
3be 6            [
3bf 0                >
3c0 2                +
3c1 2                +
3c2 2                +
3c3 2                +
3c4 2                +
3c5 2                +
3c6 2                +
3c7 2                +
3c8 2                +
3c9 2                +
3ca 2                +
3cb 0                >
3cc 2                +
3cd 2                +
3ce 2                +
3cf 2                +
3d0 2                +
3d1 2                +
3d2 2                +
3d3 2                +
3d4 2                +
3d5 2                +
3d6 2                +
3d7 1                <
3d8 1                <
3d9 3                -
3da 7            ]
3db 0            >
3dc 6            [
3dd 3                -
3de 6                [
3df 0                    >
3e0 0                    >
3e1 0                    >
3e2 2                    +
3e3 1                    <
3e4 1                    <
3e5 1                    <
3e6 3                    -
3e7 7                ]
3e8 0                >
3e9 0                >
3ea 0                >
3eb 6                [
3ec 1                    <
3ed 1                    <
3ee 1                    <
3ef 2                    +
3f0 0                    >
3f1 0                    >
3f2 0                    >
3f3 0                    >
3f4 0                    >
3f5 0                    >
3f6 0                    >
3f7 2                    +
3f8 0                    >
3f9 2                    +
3fa 1                    <
3fb 1                    <
3fc 1                    <
3fd 1                    <
3fe 1                    <
3ff 3                    -
400 7                ]
401 0                >
402 0                >
403 0                >
404 0                >
405 6                [
406 3                    -
407 6                    [
408 0                        >
409 0                        >
40a 0                        >
40b 0                        >
40c 2                        +
40d 1                        <
40e 1                        <
40f 1                        <
410 1                        <
411 3                        -
412 7                    ]
413 0                    >
414 6                    [
415 0                        >
416 0                        >
417 0                        >
418 0                        >
419 2                        +
41a 1                        <
41b 1                        <
41c 1                        <
41d 1                        <
41e 3                        -
41f 7                    ]
420 0                    >
421 0                    >
422 0                    >
423 7                ]
424 0                >
425 0                >
426 0                >
427 6                [
428 1                    <
429 1                    <
42a 1                    <
42b 2                    +
42c 0                    >
42d 0                    >
42e 0                    >
42f 3                    -
430 7                ]
431 1                <
432 1                <
433 1                <
434 6                [
435 0                    >
436 0                    >
437 2                    +
438 0                    >
439 2                    +
43a 1                    <
43b 1                    <
43c 1                    <
43d 3                    -
43e 7                ]
43f 0                >
440 6                [
441 3                    -
442 0                    >
443 6                    [
444 1                        <
445 1                        <
446 1                        <
447 1                        <
448 2                        +
449 0                        >
44a 0                        >
44b 0                        >
44c 0                        >
44d 3                        -
44e 7                    ]
44f 1                    <
450 6                    [
451 1                        <
452 1                        <
453 1                        <
454 1                        <
455 2                        +
456 0                        >
457 0                        >
458 0                        >
459 0                        >
45a 3                        -
45b 7                    ]
45c 1                    <
45d 1                    <
45e 1                    <
45f 1                    <
460 7                ]
461 1                <
462 1                <
463 1                <
464 1                <
465 1                <
466 1                <
467 1                <
468 1                <
469 6                [
46a 0                    >
46b 0                    >
46c 0                    >
46d 2                    +
46e 1                    <
46f 1                    <
470 1                    <
471 3                    -
472 7                ]
473 0                >
474 0                >
475 0                >
476 6                [
477 1                    <
478 1                    <
479 1                    <
47a 2                    +
47b 0                    >
47c 0                    >
47d 0                    >
47e 0                    >
47f 0                    >
480 0                    >
481 0                    >
482 2                    +
483 0                    >
484 2                    +
485 1                    <
486 1                    <
487 1                    <
488 1                    <
489 1                    <
48a 3                    -
48b 7                ]
48c 1                <
48d 1                <
48e 6                [
48f 0                    >
490 0                    >
491 2                    +
492 1                    <
493 1                    <
494 3                    -
495 7                ]
496 0                >
497 0                >
498 6                [
499 1                    <
49a 1                    <
49b 2                    +
49c 0                    >
49d 0                    >
49e 0                    >
49f 0                    >
4a0 0                    >
4a1 0                    >
4a2 2                    +
4a3 0                    >
4a4 2                    +
4a5 1                    <
4a6 1                    <
4a7 1                    <
4a8 1                    <
4a9 1                    <
4aa 3                    -
4ab 7                ]
4ac 0                >
4ad 0                >
4ae 0                >
4af 0                >
4b0 6                [
4b1 3                    -
4b2 6                    [
4b3 0                        >
4b4 0                        >
4b5 0                        >
4b6 0                        >
4b7 2                        +
4b8 1                        <
4b9 1                        <
4ba 1                        <
4bb 1                        <
4bc 3                        -
4bd 7                    ]
4be 0                    >
4bf 6                    [
4c0 0                        >
4c1 0                        >
4c2 0                        >
4c3 0                        >
4c4 2                        +
4c5 1                        <
4c6 1                        <
4c7 1                        <
4c8 1                        <
4c9 3                        -
4ca 7                    ]
4cb 0                    >
4cc 6                    [
4cd 0                        >
4ce 0                        >
4cf 0                        >
4d0 0                        >
4d1 2                        +
4d2 1                        <
4d3 1                        <
4d4 1                        <
4d5 1                        <
4d6 3                        -
4d7 7                    ]
4d8 0                    >
4d9 0                    >
4da 7                ]
4db 0                >
4dc 0                >
4dd 0                >
4de 6                [
4df 3                    -
4e0 7                ]
4e1 1                <
4e2 6                [
4e3 0                    >
4e4 2                    +
4e5 1                    <
4e6 3                    -
4e7 7                ]
4e8 1                <
4e9 6                [
4ea 3                    -
4eb 6                    [
4ec 1                        <
4ed 1                        <
4ee 1                        <
4ef 1                        <
4f0 2                        +
4f1 0                        >
4f2 0                        >
4f3 0                        >
4f4 0                        >
4f5 3                        -
4f6 7                    ]
4f7 1                    <
4f8 1                    <
4f9 1                    <
4fa 1                    <
4fb 7                ]
4fc 1                <
4fd 1                <
4fe 1                <
4ff 1                <
500 1                <
501 1                <
502 1                <
503 1                <
504 7            ]
505 1            <
506 1            <
507 1            <
508 1            <
509 1            <
50a 1            <
50b 1            <
50c 1            <
50d 1            <
50e 1            <
50f 2            +
510 2            +
511 2            +
512 2            +
513 2            +
514 2            +
515 2            +
516 2            +
517 2            +
518 2            +
519 6            [
51a 0                >
51b 2                +
51c 2                +
51d 2                +
51e 2                +
51f 2                +
520 2                +
521 2                +
522 2                +
523 2                +
524 2                +
525 6                [
526 1                    <
527 6                    [
528 0                        >
529 0                        >
52a 2                        +
52b 1                        <
52c 1                        <
52d 3                        -
52e 7                    ]
52f 0                    >
530 0                    >
531 6                    [
532 1                        <
533 1                        <
534 2                        +
535 0                        >
536 0                        >
537 0                        >
538 0                        >
539 0                        >
53a 2                        +
53b 2                        +
53c 2                        +
53d 2                        +
53e 2                        +
53f 2                        +
540 2                        +
541 2                        +
542 2                        +
543 2                        +
544 2                        +
545 1                        <
546 1                        <
547 1                        <
548 3                        -
549 7                    ]
54a 1                    <
54b 6                    [
54c 0                        >
54d 2                        +
54e 1                        <
54f 3                        -
550 7                    ]
551 0                    >
552 6                    [
553 1                        <
554 2                        +
555 0                        >
556 0                        >
557 0                        >
558 0                        >
559 2                        +
55a 1                        <
55b 1                        <
55c 1                        <
55d 3                        -
55e 7                    ]
55f 0                    >
560 0                    >
561 0                    >
562 6                    [
563 1                        <
564 1                        <
565 1                        <
566 2                        +
567 0                        >
568 0                        >
569 0                        >
56a 3                        -
56b 7                    ]
56c 1                    <
56d 1                    <
56e 1                    <
56f 6                    [
570 0                        >
571 0                        >
572 0                        >
573 2                        +
574 0                        >
575 0                        >
576 0                        >
577 0                        >
578 0                        >
579 2                        +
57a 1                        <
57b 1                        <
57c 1                        <
57d 1                        <
57e 1                        <
57f 1                        <
580 1                        <
581 1                        <
582 3                        -
583 7                    ]
584 0                    >
585 0                    >
586 0                    >
587 0                    >
588 0                    >
589 0                    >
58a 0                    >
58b 0                    >
58c 0                    >
58d 6                    [
58e 0                        >
58f 0                        >
590 2                        +
591 1                        <
592 1                        <
593 3                        -
594 7                    ]
595 0                    >
596 0                    >
597 6                    [
598 1                        <
599 1                        <
59a 2                        +
59b 1                        <
59c 2                        +
59d 0                        >
59e 0                        >
59f 0                        >
5a0 3                        -
5a1 7                    ]
5a2 1                    <
5a3 1                    <
5a4 1                    <
5a5 3                    -
5a6 3                    -
5a7 3                    -
5a8 3                    -
5a9 3                    -
5aa 3                    -
5ab 3                    -
5ac 3                    -
5ad 3                    -
5ae 3                    -
5af 3                    -
5b0 3                    -
5b1 6                    [
5b2 0                        >
5b3 0                        >
5b4 0                        >
5b5 2                        +
5b6 1                        <
5b7 1                        <
5b8 1                        <
5b9 3                        -
5ba 7                    ]
5bb 0                    >
5bc 0                    >
5bd 0                    >
5be 6                    [
5bf 1                        <
5c0 1                        <
5c1 1                        <
5c2 2                        +
5c3 0                        >
5c4 0                        >
5c5 0                        >
5c6 0                        >
5c7 0                        >
5c8 0                        >
5c9 0                        >
5ca 2                        +
5cb 0                        >
5cc 2                        +
5cd 1                        <
5ce 1                        <
5cf 1                        <
5d0 1                        <
5d1 1                        <
5d2 3                        -
5d3 7                    ]
5d4 0                    >
5d5 0                    >
5d6 0                    >
5d7 0                    >
5d8 6                    [
5d9 3                        -
5da 6                        [
5db 0                            >
5dc 0                            >
5dd 0                            >
5de 0                            >
5df 2                            +
5e0 1                            <
5e1 1                            <
5e2 1                            <
5e3 1                            <
5e4 3                            -
5e5 7                        ]
5e6 0                        >
5e7 6                        [
5e8 0                            >
5e9 0                            >
5ea 0                            >
5eb 0                            >
5ec 2                            +
5ed 1                            <
5ee 1                            <
5ef 1                            <
5f0 1                            <
5f1 3                            -
5f2 7                        ]
5f3 0                        >
5f4 0                        >
5f5 0                        >
5f6 7                    ]
5f7 0                    >
5f8 0                    >
5f9 0                    >
5fa 6                    [
5fb 1                        <
5fc 1                        <
5fd 1                        <
5fe 2                        +
5ff 0                        >
600 0                        >
601 0                        >
602 3                        -
603 7                    ]
604 1                    <
605 1                    <
606 1                    <
607 6                    [
608 0                        >
609 0                        >
60a 2                        +
60b 0                        >
60c 2                        +
60d 1                        <
60e 1                        <
60f 1                        <
610 3                        -
611 7                    ]
612 0                    >
613 0                    >
614 0                    >
615 0                    >
616 0                    >
617 0                    >
618 0                    >
619 6                    [
61a 1                        <
61b 1                        <
61c 1                        <
61d 2                        +
61e 0                        >
61f 0                        >
620 0                        >
621 3                        -
622 7                    ]
623 1                    <
624 1                    <
625 1                    <
626 6                    [
627 0                        >
628 0                        >
629 0                        >
62a 2                        +
62b 1                        <
62c 1                        <
62d 1                        <
62e 1                        <
62f 1                        <
630 2                        +
631 0                        >
632 0                        >
633 3                        -
634 7                    ]
635 0                    >
636 0                    >
637 0                    >
638 0                    >
639 0                    >
63a 0                    >
63b 0                    >
63c 6                    [
63d 1                        <
63e 1                        <
63f 1                        <
640 2                        +
641 0                        >
642 0                        >
643 0                        >
644 3                        -
645 7                    ]
646 1                    <
647 1                    <
648 1                    <
649 6                    [
64a 0                        >
64b 0                        >
64c 0                        >
64d 2                        +
64e 1                        <
64f 1                        <
650 1                        <
651 1                        <
652 1                        <
653 1                        <
654 1                        <
655 1                        <
656 1                        <
657 2                        +
658 0                        >
659 0                        >
65a 0                        >
65b 0                        >
65c 0                        >
65d 0                        >
65e 3                        -
65f 7                    ]
660 1                    <
661 1                    <
662 1                    <
663 1                    <
664 1                    <
665 1                    <
666 1                    <
667 6                    [
668 3                        -
669 0                        >
66a 6                        [
66b 1                            <
66c 1                            <
66d 1                            <
66e 1                            <
66f 2                            +
670 0                            >
671 0                            >
672 0                            >
673 0                            >
674 3                            -
675 7                        ]
676 1                        <
677 6                        [
678 1                            <
679 1                            <
67a 1                            <
67b 1                            <
67c 2                            +
67d 0                            >
67e 0                            >
67f 0                            >
680 0                            >
681 3                            -
682 7                        ]
683 1                        <
684 1                        <
685 1                        <
686 1                        <
687 7                    ]
688 0                    >
689 6                    [
68a 1                        <
68b 1                        <
68c 1                        <
68d 1                        <
68e 1                        <
68f 1                        <
690 1                        <
691 2                        +
692 0                        >
693 0                        >
694 0                        >
695 0                        >
696 0                        >
697 0                        >
698 0                        >
699 3                        -
69a 7                    ]
69b 1                    <
69c 1                    <
69d 1                    <
69e 1                    <
69f 1                    <
6a0 1                    <
6a1 1                    <
6a2 1                    <
6a3 1                    <
6a4 2                    +
6a5 2                    +
6a6 2                    +
6a7 2                    +
6a8 2                    +
6a9 2                    +
6aa 2                    +
6ab 2                    +
6ac 2                    +
6ad 2                    +
6ae 2                    +
6af 6                    [
6b0 0                        >
6b1 0                        >
6b2 0                        >
6b3 2                        +
6b4 1                        <
6b5 1                        <
6b6 1                        <
6b7 3                        -
6b8 7                    ]
6b9 0                    >
6ba 0                    >
6bb 0                    >
6bc 6                    [
6bd 1                        <
6be 1                        <
6bf 1                        <
6c0 2                        +
6c1 0                        >
6c2 0                        >
6c3 0                        >
6c4 0                        >
6c5 0                        >
6c6 0                        >
6c7 0                        >
6c8 2                        +
6c9 0                        >
6ca 2                        +
6cb 1                        <
6cc 1                        <
6cd 1                        <
6ce 1                        <
6cf 1                        <
6d0 3                        -
6d1 7                    ]
6d2 0                    >
6d3 0                    >
6d4 0                    >
6d5 0                    >
6d6 6                    [
6d7 3                        -
6d8 6                        [
6d9 0                            >
6da 0                            >
6db 0                            >
6dc 0                            >
6dd 2                            +
6de 1                            <
6df 1                            <
6e0 1                            <
6e1 1                            <
6e2 3                            -
6e3 7                        ]
6e4 0                        >
6e5 6                        [
6e6 0                            >
6e7 0                            >
6e8 0                            >
6e9 0                            >
6ea 2                            +
6eb 1                            <
6ec 1                            <
6ed 1                            <
6ee 1                            <
6ef 3                            -
6f0 7                        ]
6f1 0                        >
6f2 0                        >
6f3 0                        >
6f4 7                    ]
6f5 0                    >
6f6 0                    >
6f7 0                    >
6f8 6                    [
6f9 1                        <
6fa 1                        <
6fb 1                        <
6fc 2                        +
6fd 0                        >
6fe 0                        >
6ff 0                        >
700 3                        -
701 7                    ]
702 1                    <
703 1                    <
704 1                    <
705 6                    [
706 0                        >
707 0                        >
708 2                        +
709 0                        >
70a 2                        +
70b 1                        <
70c 1                        <
70d 1                        <
70e 3                        -
70f 7                    ]
710 0                    >
711 0                    >
712 0                    >
713 0                    >
714 0                    >
715 0                    >
716 0                    >
717 6                    [
718 1                        <
719 1                        <
71a 1                        <
71b 2                        +
71c 0                        >
71d 0                        >
71e 0                        >
71f 3                        -
720 7                    ]
721 1                    <
722 1                    <
723 1                    <
724 6                    [
725 0                        >
726 0                        >
727 0                        >
728 2                        +
729 1                        <
72a 1                        <
72b 1                        <
72c 1                        <
72d 1                        <
72e 2                        +
72f 0                        >
730 0                        >
731 3                        -
732 7                    ]
733 0                    >
734 0                    >
735 0                    >
736 0                    >
737 0                    >
738 0                    >
739 0                    >
73a 6                    [
73b 1                        <
73c 1                        <
73d 1                        <
73e 2                        +
73f 0                        >
740 0                        >
741 0                        >
742 3                        -
743 7                    ]
744 1                    <
745 1                    <
746 1                    <
747 6                    [
748 0                        >
749 0                        >
74a 0                        >
74b 2                        +
74c 1                        <
74d 1                        <
74e 1                        <
74f 1                        <
750 1                        <
751 1                        <
752 1                        <
753 1                        <
754 1                        <
755 2                        +
756 0                        >
757 0                        >
758 0                        >
759 0                        >
75a 0                        >
75b 0                        >
75c 3                        -
75d 7                    ]
75e 1                    <
75f 1                    <
760 1                    <
761 1                    <
762 1                    <
763 1                    <
764 1                    <
765 6                    [
766 3                        -
767 0                        >
768 6                        [
769 1                            <
76a 1                            <
76b 1                            <
76c 1                            <
76d 2                            +
76e 0                            >
76f 0                            >
770 0                            >
771 0                            >
772 3                            -
773 7                        ]
774 1                        <
775 6                        [
776 1                            <
777 1                            <
778 1                            <
779 1                            <
77a 2                            +
77b 0                            >
77c 0                            >
77d 0                            >
77e 0                            >
77f 3                            -
780 7                        ]
781 1                        <
782 1                        <
783 1                        <
784 1                        <
785 7                    ]
786 0                    >
787 6                    [
788 1                        <
789 1                        <
78a 1                        <
78b 1                        <
78c 1                        <
78d 1                        <
78e 1                        <
78f 2                        +
790 0                        >
791 0                        >
792 0                        >
793 0                        >
794 0                        >
795 0                        >
796 0                        >
797 3                        -
798 7                    ]
799 1                    <
79a 1                    <
79b 1                    <
79c 1                    <
79d 1                    <
79e 1                    <
79f 1                    <
7a0 1                    <
7a1 1                    <
7a2 2                    +
7a3 2                    +
7a4 2                    +
7a5 2                    +
7a6 2                    +
7a7 2                    +
7a8 2                    +
7a9 2                    +
7aa 2                    +
7ab 2                    +
7ac 2                    +
7ad 6                    [
7ae 0                        >
7af 0                        >
7b0 0                        >
7b1 0                        >
7b2 0                        >
7b3 0                        >
7b4 0                        >
7b5 2                        +
7b6 0                        >
7b7 2                        +
7b8 1                        <
7b9 1                        <
7ba 1                        <
7bb 1                        <
7bc 1                        <
7bd 1                        <
7be 1                        <
7bf 1                        <
7c0 3                        -
7c1 7                    ]
7c2 0                    >
7c3 0                    >
7c4 0                    >
7c5 0                    >
7c6 0                    >
7c7 0                    >
7c8 0                    >
7c9 6                    [
7ca 3                        -
7cb 6                        [
7cc 0                            >
7cd 0                            >
7ce 0                            >
7cf 0                            >
7d0 2                            +
7d1 1                            <
7d2 1                            <
7d3 1                            <
7d4 1                            <
7d5 3                            -
7d6 7                        ]
7d7 0                        >
7d8 6                        [
7d9 0                            >
7da 0                            >
7db 0                            >
7dc 0                            >
7dd 2                            +
7de 1                            <
7df 1                            <
7e0 1                            <
7e1 1                            <
7e2 3                            -
7e3 7                        ]
7e4 0                        >
7e5 0                        >
7e6 0                        >
7e7 7                    ]
7e8 0                    >
7e9 0                    >
7ea 0                    >
7eb 6                    [
7ec 1                        <
7ed 1                        <
7ee 1                        <
7ef 2                        +
7f0 0                        >
7f1 0                        >
7f2 0                        >
7f3 3                        -
7f4 7                    ]
7f5 1                    <
7f6 1                    <
7f7 1                    <
7f8 6                    [
7f9 0                        >
7fa 0                        >
7fb 2                        +
7fc 0                        >
7fd 2                        +
7fe 1                        <
7ff 1                        <
800 1                        <
801 3                        -
802 7                    ]
803 0                    >
804 0                    >
805 0                    >
806 0                    >
807 0                    >
808 0                    >
809 0                    >
80a 6                    [
80b 1                        <
80c 1                        <
80d 1                        <
80e 2                        +
80f 0                        >
810 0                        >
811 0                        >
812 3                        -
813 7                    ]
814 1                    <
815 1                    <
816 1                    <
817 6                    [
818 0                        >
819 0                        >
81a 0                        >
81b 2                        +
81c 1                        <
81d 1                        <
81e 1                        <
81f 1                        <
820 1                        <
821 2                        +
822 0                        >
823 0                        >
824 3                        -
825 7                    ]
826 0                    >
827 0                    >
828 0                    >
829 0                    >
82a 0                    >
82b 0                    >
82c 0                    >
82d 6                    [
82e 1                        <
82f 1                        <
830 1                        <
831 2                        +
832 0                        >
833 0                        >
834 0                        >
835 3                        -
836 7                    ]
837 1                    <
838 1                    <
839 1                    <
83a 6                    [
83b 0                        >
83c 0                        >
83d 0                        >
83e 2                        +
83f 1                        <
840 1                        <
841 1                        <
842 1                        <
843 1                        <
844 1                        <
845 1                        <
846 1                        <
847 1                        <
848 2                        +
849 0                        >
84a 0                        >
84b 0                        >
84c 0                        >
84d 0                        >
84e 0                        >
84f 3                        -
850 7                    ]
851 1                    <
852 1                    <
853 1                    <
854 1                    <
855 1                    <
856 1                    <
857 1                    <
858 6                    [
859 3                        -
85a 0                        >
85b 6                        [
85c 1                            <
85d 1                            <
85e 1                            <
85f 1                            <
860 2                            +
861 0                            >
862 0                            >
863 0                            >
864 0                            >
865 3                            -
866 7                        ]
867 1                        <
868 6                        [
869 1                            <
86a 1                            <
86b 1                            <
86c 1                            <
86d 2                            +
86e 0                            >
86f 0                            >
870 0                            >
871 0                            >
872 3                            -
873 7                        ]
874 1                        <
875 1                        <
876 1                        <
877 1                        <
878 7                    ]
879 0                    >
87a 6                    [
87b 1                        <
87c 1                        <
87d 1                        <
87e 1                        <
87f 1                        <
880 1                        <
881 1                        <
882 2                        +
883 0                        >
884 0                        >
885 0                        >
886 0                        >
887 0                        >
888 0                        >
889 0                        >
88a 3                        -
88b 7                    ]
88c 1                    <
88d 1                    <
88e 1                    <
88f 1                    <
890 1                    <
891 1                    <
892 1                    <
893 3                    -
894 3                    -
895 3                    -
896 3                    -
897 6                    [
898 0                        >
899 0                        >
89a 0                        >
89b 0                        >
89c 0                        >
89d 0                        >
89e 0                        >
89f 2                        +
8a0 1                        <
8a1 1                        <
8a2 1                        <
8a3 1                        <
8a4 1                        <
8a5 1                        <
8a6 1                        <
8a7 2                        +
8a8 6                        [
8a9 0                            >
8aa 0                            >
8ab 0                            >
8ac 0                            >
8ad 0                            >
8ae 0                            >
8af 0                            >
8b0 3                            -
8b1 1                            <
8b2 1                            <
8b3 1                            <
8b4 1                            <
8b5 1                            <
8b6 1                            <
8b7 1                            <
8b8 6                            [
8b9 3                                -
8ba 7                            ]
8bb 7                        ]
8bc 1                        <
8bd 1                        <
8be 1                        <
8bf 1                        <
8c0 1                        <
8c1 1                        <
8c2 1                        <
8c3 6                        [
8c4 0                            >
8c5 0                            >
8c6 0                            >
8c7 0                            >
8c8 0                            >
8c9 0                            >
8ca 0                            >
8cb 0                            >
8cc 0                            >
8cd 0                            >
8ce 0                            >
8cf 0                            >
8d0 2                            +
8d1 0                            >
8d2 2                            +
8d3 1                            <
8d4 1                            <
8d5 1                            <
8d6 1                            <
8d7 1                            <
8d8 1                            <
8d9 1                            <
8da 1                            <
8db 1                            <
8dc 1                            <
8dd 1                            <
8de 1                            <
8df 1                            <
8e0 3                            -
8e1 7                        ]
8e2 6                        [
8e3 7                        ]
8e4 0                        >
8e5 0                        >
8e6 0                        >
8e7 0                        >
8e8 0                        >
8e9 0                        >
8ea 0                        >
8eb 0                        >
8ec 0                        >
8ed 0                        >
8ee 0                        >
8ef 0                        >
8f0 6                        [
8f1 3                            -
8f2 6                            [
8f3 0                                >
8f4 0                                >
8f5 0                                >
8f6 0                                >
8f7 2                                +
8f8 1                                <
8f9 1                                <
8fa 1                                <
8fb 1                                <
8fc 3                                -
8fd 7                            ]
8fe 0                            >
8ff 6                            [
900 0                                >
901 0                                >
902 0                                >
903 0                                >
904 2                                +
905 1                                <
906 1                                <
907 1                                <
908 1                                <
909 3                                -
90a 7                            ]
90b 0                            >
90c 6                            [
90d 0                                >
90e 0                                >
90f 0                                >
910 0                                >
911 2                                +
912 1                                <
913 1                                <
914 1                                <
915 1                                <
916 3                                -
917 7                            ]
918 0                            >
919 0                            >
91a 7                        ]
91b 0                        >
91c 0                        >
91d 0                        >
91e 6                        [
91f 3                            -
920 7                        ]
921 1                        <
922 6                        [
923 0                            >
924 2                            +
925 1                            <
926 3                            -
927 7                        ]
928 1                        <
929 6                        [
92a 3                            -
92b 6                            [
92c 1                                <
92d 1                                <
92e 1                                <
92f 1                                <
930 2                                +
931 0                                >
932 0                                >
933 0                                >
934 0                                >
935 3                                -
936 7                            ]
937 1                            <
938 1                            <
939 1                            <
93a 1                            <
93b 7                        ]
93c 1                        <
93d 1                        <
93e 1                        <
93f 1                        <
940 1                        <
941 1                        <
942 6                        [
943 3                            -
944 7                        ]
945 7                    ]
946 1                    <
947 1                    <
948 1                    <
949 1                    <
94a 1                    <
94b 1                    <
94c 1                    <
94d 6                    [
94e 3                        -
94f 7                    ]
950 1                    <
951 1                    <
952 1                    <
953 1                    <
954 3                    -
955 7                ]
956 1                <
957 3                -
958 7            ]
959 0            >
95a 0            >
95b 0            >
95c 0            >
95d 0            >
95e 0            >
95f 0            >
960 0            >
961 0            >
962 0            >
963 0            >
964 6            [
965 3                -
966 7            ]
967 1            <
968 1            <
969 7        ]
96a 1        <
96b 1        <
96c 1        <
96d 1        <
96e 1        <
96f 1        <
970 1        <
971 1        <
972 1        <
973 1        <
974 7    ]
975 -    //      Type for instance "fg" to toggle the cell at row f and column g
975 -    //                 Hit enter to calculate the next generation
975 -    //                               Type q to quit
