00 -    //====================================
00 -    // Multiplicaton
00 -    //====================================
00 5    in    // ptr=0
01 0    p++
02 5    in    // ptr=1
03 1    p--
04 -    //
04 6    [
05 3        -
06 0        >
07 6        [
08 3            -
09 0            >
0a 2            +
0b 0            >
0c 2            +
0d 1            <
0e 1            <
0f 7        ]
10 0        >
11 0        >
12 6        [
13 3            -
14 1            <
15 1            <
16 2            +
17 0            >
18 0            >
19 7        ]
1a 1        <
1b 1        <
1c 1        <
1d 7    ]
1e -    //
1e 0    p++
1f 0    p++
20 4    out   // ptr=2
21 -    //
21 8    reset // to pause simulation
22 f    nop
23 f    nop
24 f    nop
25 f    nop
26 f    nop
27 f    nop
28 f    nop
29 f    nop
