00 -    // https://stackoverflow.com/questions/12569444/printing-a-number-in-brainfuck
00 0    >
01 2    +
02 2    +
03 2    +
04 2    +
05 2    +
06 2    +
07 2    +
08 2    +
09 2    +
0a 2    +
0b 2    +
0c 6    [
0d 3        -
0e 1        <
0f 2        +
10 2        +
11 2        +
12 2        +
13 2        +
14 2        +
15 2        +
16 2        +
17 2        +
18 2        +
19 2        +
1a 2        +
1b 2        +
1c 2        +
1d 2        +
1e 0        >
1f 7    ] // initialize 165 at first cell
20 0    >
21 2    +
22 2    +
23 2    +
24 2    +
25 2    +
26 2    +
27 2    +
28 2    +
29 2    +
2a 2    +
2b 1    <
2c 1    <
2d 6    [
2e 3        -
2f 0        >
30 2        +
31 0        >
32 3        -
33 6        [
34 0            >
35 2            +
36 0            >
37 0            >
38 7        ]
39 0        >
3a 6        [
3b 2            +
3c 6            [
3d 3                -
3e 1                <
3f 2                +
40 0                >
41 7            ]
42 0            >
43 2            +
44 0            >
45 0            >
46 7        ]
47 1        <
48 1        <
49 1        <
4a 1        <
4b 1        <
4c 1        <
4d 7    ]
4e 0    >
4f 0    >
50 6    [
51 3        -
52 7    ]
53 0    >
54 0    >
55 0    >
56 2    +
57 2    +
58 2    +
59 2    +
5a 2    +
5b 2    +
5c 2    +
5d 2    +
5e 2    +
5f 2    +
60 1    <
61 6    [
62 3        -
63 0        >
64 3        -
65 6        [
66 0            >
67 2            +
68 0            >
69 0            >
6a 7        ]
6b 0        >
6c 6        [
6d 2            +
6e 6            [
6f 3                -
70 1                <
71 2                +
72 0                >
73 7            ]
74 0            >
75 2            +
76 0            >
77 0            >
78 7        ]
79 1        <
7a 1        <
7b 1        <
7c 1        <
7d 1        <
7e 7    ]
7f 0    >
80 6    [
81 3        -
82 7    ]
83 0    >
84 0    >
85 6    [
86 0        >
87 2        +
88 2        +
89 2        +
8a 2        +
8b 2        +
8c 2        +
8d 6        [
8e 3            -
8f 1            <
90 2            +
91 2            +
92 2            +
93 2            +
94 2            +
95 2            +
96 2            +
97 2            +
98 0            >
99 7        ]
9a 1        <
9b 4        .
9c 1        <
9d 1        <
9e 2        +
9f 0        >
a0 2        +
a1 0        >
a2 6        [
a3 3            -
a4 7        ]
a5 7    ]
a6 1    <
a7 6    [
a8 1        <
a9 6        [
aa 3            -
ab 0            >
ac 3            -
ad 1            <
ae 7        ]
af 2        +
b0 2        +
b1 2        +
b2 2        +
b3 2        +
b4 2        +
b5 6        [
b6 3            -
b7 0            >
b8 2            +
b9 2            +
ba 2            +
bb 2            +
bc 2            +
bd 2            +
be 2            +
bf 2            +
c0 1            <
c1 7        ]
c2 0        >
c3 4        .
c4 6        [
c5 3            -
c6 7        ]
c7 7    ]
c8 1    <
c9 1    <
ca 2    +
cb 2    +
cc 2    +
cd 2    +
ce 2    +
cf 2    +
d0 6    [
d1 3        -
d2 1        <
d3 2        +
d4 2        +
d5 2        +
d6 2        +
d7 2        +
d8 2        +
d9 2        +
da 2        +
db 0        >
dc 7    ]
dd 1    <
de 4    .
df 6    [
e0 3        -
e1 7    ]
e2 1    <
e3 1    <
e4 6    [
e5 3        -
e6 1        <
e7 2        +
e8 0        >
e9 7    ]
ea 2    +
eb 2    +
ec 2    +
ed 2    +
ee 2    +
ef 2    +
f0 2    +
f1 2    +
f2 2    +
f3 2    +
f4 4    .
f5 1    <
f6 6    [
f7 2        +
f8 7    ] // clear zero
f9 8    reset
