00 -    //[tictactoe.b -- play tic-tac-toe
00 -    //(c) 2020 Daniel B. Cristofani
00 -    //http://brainfuck.org/
00 -    //This program is licensed under a Creative Commons Attribution-ShareAlike 4.0
00 -    //International License (http://creativecommons.org/licenses/by-sa/4.0/).]
00 3    -
01 3    -
02 3    -
03 0    >
04 3    -
05 3    -
06 3    -
07 0    >
08 0    >
09 0    >
0a 0    >
0b 3    -
0c 0    >
0d 3    -
0e 0    >
0f 3    -
10 0    >
11 0    >
12 0    >
13 0    >
14 0    >
15 3    -
16 3    -
17 0    >
18 0    >
19 0    >
1a 0    >
1b 0    >
1c 0    >
1d 0    >
1e 0    >
1f 0    >
20 0    >
21 0    >
22 0    >
23 0    >
24 0    >
25 0    >
26 0    >
27 0    >
28 0    >
29 2    +
2a 0    >
2b 0    >
2c 2    +
2d 2    +
2e 2    +
2f 2    +
30 2    +
31 2    +
32 2    +
33 2    +
34 2    +
35 2    +
36 6    [
37 1        <
38 1        <
39 2        +
3a 2        +
3b 6        [
3c 3            -
3d 3            -
3e 1            <
3f 2            +
40 1            <
41 1            <
42 2            +
43 1            <
44 1            <
45 2            +
46 0            >
47 0            >
48 0            >
49 0            >
4a 6            [
4b 0                >
4c 6                [
4d 1                    <
4e 3                    -
4f 0                    >
50 0                    >
51 2                    +
52 2                    +
53 2                    +
54 0                    >
55 0                    >
56 6                    [
57 3                        -
58 7                    ]
59 2                    +
5a 2                    +
5b 2                    +
5c 1                    <
5d 1                    <
5e 1                    <
5f 2                    +
60 6                    [
61 1                        <
62 2                        +
63 2                        +
64 0                        >
65 0                        >
66 2                        +
67 1                        <
68 3                        -
69 3                        -
6a 7                    ]
6b 7                ]
6c 2                +
6d 0                >
6e 2                +
6f 2                +
70 2                +
71 2                +
72 2                +
73 6                [
74 0                    >
75 0                    >
76 2                    +
77 2                    +
78 2                    +
79 2                    +
7a 2                    +
7b 2                    +
7c 2                    +
7d 2                    +
7e 2                    +
7f 1                    <
80 1                    <
81 3                    -
82 7                ]
83 0                >
84 0                >
85 2                +
86 2                +
87 2                +
88 2                +
89 4                .
8a 6                [
8b 3                    -
8c 7                ]
8d 0                >
8e 0                >
8f 2                +
90 6                [
91 1                    <
92 1                    <
93 1                    <
94 1                    <
95 2                    +
96 0                    >
97 0                    >
98 2                    +
99 0                    >
9a 0                    >
9b 3                    -
9c 7                ]
9d 1                <
9e 1                <
9f 1                <
a0 1                <
a1 1                <
a2 1                <
a3 6                [
a4 0                    >
a5 2                    +
a6 1                    <
a7 3                    -
a8 7                ]
a9 1                <
aa 1                <
ab 7            ]
ac 2            +
ad 2            +
ae 2            +
af 2            +
b0 2            +
b1 2            +
b2 2            +
b3 2            +
b4 2            +
b5 2            +
b6 4            .
b7 6            [
b8 3                -
b9 7            ]
ba 0            >
bb 2            +
bc 2            +
bd 7        ]
be 3        -
bf 3        -
c0 0        >
c1 0        >
c2 6        [
c3 3            -
c4 3            -
c5 0            >
c6 6            [
c7 3                -
c8 7            ]
c9 0            >
ca 7        ]
cb 1        <
cc 1        <
cd 6        [
ce 0            >
cf 0            >
d0 3            -
d1 3            -
d2 6            [
d3 3                -
d4 6                [
d5 3                    -
d6 6                    [
d7 3                        -
d8 3                        -
d9 3                        -
da 3                        -
db 3                        -
dc 6                        [
dd 0                            >
de 2                            +
df 0                            >
e0 2                            +
e1 2                            +
e2 2                            +
e3 2                            +
e4 2                            +
e5 2                            +
e6 2                            +
e7 1                            <
e8 1                            <
e9 2                            +
ea 7                        ]
eb 3                        -
ec 3                        -
ed 0                        >
ee 0                        >
ef 3                        -
f0 4                        .
f1 3                        -
f2 3                        -
f3 3                        -
f4 3                        -
f5 3                        -
f6 0                        >
f7 5                        ,
f8 6                        [
f9 1                            <
fa 3                            -
fb 0                            >
fc 3                            -
fd 7                        ]
fe 1                        <
ff 6                        [
100 6                            [
101 1                                <
102 7                            ]
103 2                            +
104 6                            [
105 3                                -
106 0                                >
107 0                                >
108 7                            ]
109 1                            <
10a 3                            -
10b 7                        ]
10c 1                        <
10d 6                        [
10e 1                            <
10f 1                            <
110 5                            ,
111 6                            [
112 3                                -
113 7                            ]
114 7                        ]
115 0                        >
116 0                        >
117 0                        >
118 0                        >
119 7                    ]
11a 0                    >
11b 7                ]
11c 1                <
11d 6                [
11e 0                    >
11f 3                    -
120 6                    [
121 2                        +
122 1                        <
123 2                        +
124 2                        +
125 2                        +
126 7                    ]
127 2                    +
128 1                    <
129 2                    +
12a 2                    +
12b 2                    +
12c 6                    [
12d 2                        +
12e 6                        [
12f 3                            -
130 3                            -
131 3                            -
132 3                            -
133 0                            >
134 7                        ]
135 2                        +
136 1                        <
137 1                        <
138 1                        <
139 1                        <
13a 1                        <
13b 1                        <
13c 6                        [
13d 0                            >
13e 0                            >
13f 7                        ]
140 1                        <
141 6                        [
142 3                            -
143 7                        ]
144 7                    ]
145 0                    >
146 6                    [
147 1                        <
148 2                        +
149 6                        [
14a 3                            -
14b 3                            -
14c 3                            -
14d 3                            -
14e 0                            >
14f 7                        ]
150 2                        +
151 2                        +
152 6                        [
153 1                            <
154 7                        ]
155 1                        <
156 6                        [
157 0                            >
158 7                        ]
159 0                        >
15a 6                        [
15b 6                            [
15c 0                                >
15d 7                            ]
15e 2                            +
15f 0                            >
160 2                            +
161 2                            +
162 2                            +
163 2                            +
164 2                            +
165 2                            +
166 2                            +
167 2                            +
168 2                            +
169 1                            <
16a 1                            <
16b 3                            -
16c 6                            [
16d 1                                <
16e 7                            ]
16f 7                        ]
170 7                    ]
171 0                    >
172 6                    [
173 0                        >
174 0                        >
175 0                        >
176 0                        >
177 7                    ]
178 7                ]
179 1                <
17a 6                [
17b 3                    -
17c 6                    [
17d 6                        [
17e 0                            >
17f 2                            +
180 0                            >
181 2                            +
182 1                            <
183 1                            <
184 3                            -
185 7                        ]
186 0                        >
187 6                        [
188 1                            <
189 2                            +
18a 0                            >
18b 3                            -
18c 7                        ]
18d 2                        +
18e 2                        +
18f 0                        >
190 2                        +
191 0                        >
192 0                        >
193 7                    ]
194 1                    <
195 6                    [
196 1                        <
197 1                        <
198 2                        +
199 2                        +
19a 6                        [
19b 3                            -
19c 3                            -
19d 0                            >
19e 0                            >
19f 6                            [
1a0 3                                -
1a1 7                            ]
1a2 7                        ]
1a3 0                        >
1a4 6                        [
1a5 6                            [
1a6 3                                -
1a7 7                            ]
1a8 0                            >
1a9 6                            [
1aa 1                                <
1ab 1                                <
1ac 2                                +
1ad 0                                >
1ae 0                                >
1af 3                                -
1b0 7                            ]
1b1 0                            >
1b2 7                        ]
1b3 7                    ]
1b4 7                ]
1b5 1                <
1b6 6                [
1b7 6                    [
1b8 6                        [
1b9 1                            <
1ba 1                            <
1bb 7                        ]
1bc 3                        -
1bd 6                        [
1be 0                            >
1bf 0                            >
1c0 7                        ]
1c1 1                        <
1c2 2                        +
1c3 1                        <
1c4 3                        -
1c5 7                    ]
1c6 0                    >
1c7 6                    [
1c8 3                        -
1c9 1                        <
1ca 2                        +
1cb 7                    ]
1cc 1                    <
1cd 1                    <
1ce 6                    [
1cf 1                        <
1d0 1                        <
1d1 7                    ]
1d2 3                    -
1d3 1                    <
1d4 6                    [
1d5 0                        >
1d6 6                        [
1d7 2                            +
1d8 0                            >
1d9 0                            >
1da 7                        ]
1db 0                        >
1dc 6                        [
1dd 0                            >
1de 7                        ]
1df 0                        >
1e0 6                        [
1e1 3                            -
1e2 7                        ]
1e3 7                    ]
1e4 0                    >
1e5 6                    [
1e6 6                        [
1e7 2                            +
1e8 0                            >
1e9 0                            >
1ea 7                        ]
1eb 1                        <
1ec 3                        -
1ed 3                        -
1ee 0                        >
1ef 0                        >
1f0 6                        [
1f1 0                            >
1f2 7                        ]
1f3 2                        +
1f4 0                        >
1f5 0                        >
1f6 0                        >
1f7 7                    ]
1f8 7                ]
1f9 1                <
1fa 6                [
1fb 3                    -
1fc 6                    [
1fd 3                        -
1fe 3                        -
1ff 6                        [
200 2                            +
201 1                            <
202 1                            <
203 1                            <
204 1                            <
205 3                            -
206 3                            -
207 6                            [
208 2                                +
209 0                                >
20a 6                                [
20b 3                                    -
20c 7                                ]
20d 0                                >
20e 6                                [
20f 1                                    <
210 1                                    <
211 2                                    +
212 0                                    >
213 2                                    +
214 0                                    >
215 3                                    -
216 7                                ]
217 1                                <
218 1                                <
219 6                                [
21a 0                                    >
21b 0                                    >
21c 2                                    +
21d 1                                    <
21e 1                                    <
21f 3                                    -
220 7                                ]
221 7                            ]
222 2                            +
223 2                            +
224 6                            [
225 0                                >
226 7                            ]
227 7                        ]
228 1                        <
229 1                        <
22a 6                        [
22b 0                            >
22c 2                            +
22d 0                            >
22e 2                            +
22f 1                            <
230 1                            <
231 3                            -
232 7                        ]
233 0                        >
234 3                        -
235 3                        -
236 6                        [
237 1                            <
238 2                            +
239 0                            >
23a 3                            -
23b 7                        ]
23c 2                        +
23d 2                        +
23e 0                        >
23f 0                        >
240 0                        >
241 7                    ]
242 1                    <
243 6                    [
244 1                        <
245 1                        <
246 1                        <
247 6                        [
248 3                            -
249 7                        ]
24a 2                        +
24b 2                        +
24c 2                        +
24d 0                        >
24e 6                        [
24f 3                            -
250 7                        ]
251 0                        >
252 6                        [
253 1                            <
254 2                            +
255 0                            >
256 0                            >
257 0                            >
258 2                            +
259 1                            <
25a 1                            <
25b 3                            -
25c 7                        ]
25d 2                        +
25e 0                        >
25f 0                        >
260 0                        >
261 7                    ]
262 7                ]
263 1                <
264 6                [
265 2                    +
266 6                    [
267 6                        [
268 1                            <
269 7                        ]
26a 1                        <
26b 1                        <
26c 6                        [
26d 1                            <
26e 1                            <
26f 7                        ]
270 3                        -
271 1                        <
272 3                        -
273 0                        >
274 0                        >
275 2                        +
276 0                        >
277 6                        [
278 0                            >
279 0                            >
27a 7                        ]
27b 0                        >
27c 6                        [
27d 0                            >
27e 7                        ]
27f 1                        <
280 3                        -
281 7                    ]
282 2                    +
283 6                    [
284 3                        -
285 1                        <
286 2                        +
287 7                    ]
288 1                    <
289 2                    +
28a 2                    +
28b 6                    [
28c 6                        [
28d 0                            >
28e 2                            +
28f 1                            <
290 3                            -
291 7                        ]
292 2                        +
293 2                        +
294 1                        <
295 6                        [
296 1                            <
297 1                            <
298 3                            -
299 0                            >
29a 0                            >
29b 2                            +
29c 7                        ]
29d 1                        <
29e 2                        +
29f 2                        +
2a0 7                    ]
2a1 1                    <
2a2 1                    <
2a3 1                    <
2a4 1                    <
2a5 1                    <
2a6 1                    <
2a7 1                    <
2a8 2                    +
2a9 0                    >
2aa 0                    >
2ab 0                    >
2ac 2                    +
2ad 0                    >
2ae 0                    >
2af 0                    >
2b0 2                    +
2b1 6                    [
2b2 1                        <
2b3 1                        <
2b4 1                        <
2b5 3                        -
2b6 0                        >
2b7 2                        +
2b8 0                        >
2b9 2                        +
2ba 0                        >
2bb 2                        +
2bc 6                        [
2bd 1                            <
2be 1                            <
2bf 1                            <
2c0 1                            <
2c1 1                            <
2c2 1                            <
2c3 1                            <
2c4 2                            +
2c5 0                            >
2c6 3                            -
2c7 0                            >
2c8 2                            +
2c9 0                            >
2ca 0                            >
2cb 0                            >
2cc 3                            -
2cd 0                            >
2ce 3                            -
2cf 0                            >
2d0 2                            +
2d1 6                            [
2d2 1                                <
2d3 1                                <
2d4 1                                <
2d5 1                                <
2d6 1                                <
2d7 3                                -
2d8 0                                >
2d9 2                                +
2da 0                                >
2db 2                                +
2dc 0                                >
2dd 0                                >
2de 2                                +
2df 0                                >
2e0 2                                +
2e1 6                                [
2e2 1                                    <
2e3 1                                    <
2e4 1                                    <
2e5 1                                    <
2e6 3                                    -
2e7 0                                    >
2e8 3                                    -
2e9 0                                    >
2ea 2                                    +
2eb 0                                    >
2ec 3                                    -
2ed 0                                    >
2ee 2                                    +
2ef 6                                    [
2f0 1                                        <
2f1 1                                        <
2f2 1                                        <
2f3 1                                        <
2f4 1                                        <
2f5 1                                        <
2f6 1                                        <
2f7 1                                        <
2f8 2                                        +
2f9 0                                        >
2fa 3                                        -
2fb 0                                        >
2fc 0                                        >
2fd 2                                        +
2fe 0                                        >
2ff 0                                        >
300 0                                        >
301 3                                        -
302 0                                        >
303 2                                        +
304 0                                        >
305 2                                        +
306 6                                        [
307 1                                            <
308 1                                            <
309 1                                            <
30a 1                                            <
30b 1                                            <
30c 3                                            -
30d 0                                            >
30e 0                                            >
30f 2                                            +
310 0                                            >
311 0                                            >
312 3                                            -
313 0                                            >
314 2                                            +
315 6                                            [
316 1                                                <
317 1                                                <
318 1                                                <
319 1                                                <
31a 2                                                +
31b 0                                                >
31c 3                                                -
31d 0                                                >
31e 2                                                +
31f 0                                                >
320 0                                                >
321 2                                                +
322 7                                            ]
323 7                                        ]
324 7                                    ]
325 7                                ]
326 7                            ]
327 7                        ]
328 7                    ]
329 2                    +
32a 2                    +
32b 2                    +
32c 6                    [
32d 6                        [
32e 0                            >
32f 2                            +
330 1                            <
331 3                            -
332 7                        ]
333 1                        <
334 2                        +
335 2                        +
336 2                        +
337 7                    ]
338 3                    -
339 3                    -
33a 3                    -
33b 0                    >
33c 0                    >
33d 6                    [
33e 3                        -
33f 6                        [
340 1                            <
341 3                            -
342 0                            >
343 3                            -
344 7                        ]
345 1                        <
346 2                        +
347 2                        +
348 0                        >
349 0                        >
34a 7                    ]
34b 2                    +
34c 2                    +
34d 6                    [
34e 6                        [
34f 1                            <
350 3                            -
351 0                            >
352 3                            -
353 7                        ]
354 0                        >
355 0                        >
356 7                    ]
357 0                    >
358 6                    [
359 0                        >
35a 7                    ]
35b 7                ]
35c 1                <
35d 7            ]
35e 7        ]
35f 1        <
360 7    ]
361 8    reset // to pause simulation
362 -    //[This program plays tic-tac-toe. I've given it the first move. It needs
362 -    //interactive i/o, e.g. a command-line brainfuck interpreter or a brainfuck
362 -    //compiler that produces command-line executables. At the '>' prompt, enter
362 -    //the number of an empty space, followed by a linefeed, to play a move there.]
